TN:
SF:src/routes.js
FNF:0
FNH:0
DA:1,1
DA:2,1
DA:3,1
DA:4,1
DA:5,1
DA:6,1
DA:7,1
DA:8,1
DA:9,1
DA:10,1
DA:11,1
DA:12,1
DA:13,1
DA:14,1
DA:15,1
DA:16,1
DA:17,1
DA:18,1
DA:19,1
DA:20,1
DA:21,1
DA:22,1
DA:23,1
DA:24,1
DA:25,1
DA:26,1
DA:27,1
DA:28,1
DA:29,1
DA:30,1
DA:31,1
DA:32,1
DA:33,1
DA:34,1
DA:35,1
LF:35
LH:35
BRF:0
BRH:0
end_of_record
TN:
SF:src/server.js
FN:6,createServer
FNF:1
FNH:1
FNDA:6,createServer
DA:1,1
DA:2,1
DA:3,1
DA:4,1
DA:5,1
DA:6,1
DA:7,6
DA:8,6
DA:9,6
DA:10,6
DA:11,6
DA:12,6
DA:13,1
DA:14,1
LF:14
LH:14
BRDA:6,0,0,6
BRF:1
BRH:1
end_of_record
TN:
SF:src/app/models/Property.js
FNF:0
FNH:0
DA:1,1
DA:2,1
DA:3,1
DA:4,1
DA:5,1
DA:6,1
DA:7,1
DA:8,1
DA:9,1
DA:10,1
DA:11,1
DA:12,1
DA:13,1
DA:14,1
DA:15,1
DA:16,1
DA:17,1
DA:18,1
DA:19,1
DA:20,1
DA:21,1
DA:22,1
DA:23,1
DA:24,1
DA:25,1
DA:26,1
LF:26
LH:26
BRF:0
BRH:0
end_of_record
TN:
SF:src/app/models/User.js
FN:18,Object.<anonymous>.UserSchema.methods.generateHash
FN:20,Object.<anonymous>.UserSchema.methods.validateHash
FNF:2
FNH:2
FNDA:5,Object.<anonymous>.UserSchema.methods.generateHash
FNDA:2,Object.<anonymous>.UserSchema.methods.validateHash
DA:1,1
DA:2,1
DA:3,1
DA:4,1
DA:5,1
DA:6,1
DA:7,1
DA:8,1
DA:9,1
DA:10,1
DA:11,1
DA:12,1
DA:13,1
DA:14,1
DA:15,1
DA:16,1
DA:17,1
DA:18,1
DA:19,1
DA:20,1
DA:21,2
DA:22,2
DA:23,1
DA:24,1
LF:24
LH:24
BRDA:18,0,0,5
BRDA:20,1,0,2
BRF:2
BRH:2
end_of_record
TN:
SF:src/config/database.js
FN:9,connect
FN:14,dropCollections
FNF:2
FNH:1
FNDA:6,connect
FNDA:0,dropCollections
DA:1,1
DA:2,1
DA:3,1
DA:4,1
DA:5,1
DA:6,1
DA:7,1
DA:8,1
DA:9,1
DA:10,6
DA:11,1
DA:12,1
DA:13,1
DA:14,1
DA:15,0
DA:16,0
DA:17,0
DA:18,0
DA:19,0
DA:20,1
DA:21,1
LF:21
LH:16
BRDA:9,0,0,6
BRF:1
BRH:1
end_of_record
TN:
SF:src/config/server.js
FNF:0
FNH:0
DA:1,1
DA:2,1
DA:3,1
DA:4,1
DA:5,1
DA:6,1
DA:7,1
DA:8,1
DA:9,1
DA:10,1
DA:11,1
DA:12,1
DA:13,1
DA:14,1
DA:15,1
DA:16,1
DA:17,1
DA:18,1
LF:18
LH:18
BRF:0
BRH:0
end_of_record
TN:
SF:src/config/tests/propertyMock.js
FNF:0
FNH:0
DA:1,1
DA:2,1
DA:3,1
DA:4,1
DA:5,1
DA:6,1
DA:7,1
DA:8,1
DA:9,1
DA:10,1
DA:11,1
DA:12,1
DA:13,1
DA:14,1
DA:15,1
DA:16,1
DA:17,1
LF:17
LH:17
BRF:0
BRH:0
end_of_record
TN:
SF:src/config/tests/userMock.js
FNF:0
FNH:0
DA:1,1
DA:2,1
DA:3,1
DA:4,1
DA:5,1
DA:6,1
DA:7,1
DA:8,1
DA:9,1
LF:9
LH:9
BRF:0
BRH:0
end_of_record
TN:
SF:src/controllers/auth.js
FN:3,Object.<anonymous>.exports.login
FNF:1
FNH:1
FNDA:2,Object.<anonymous>.exports.login
DA:1,1
DA:2,1
DA:3,1
DA:4,2
DA:5,2
DA:6,2
DA:7,2
DA:8,2
DA:9,2
DA:10,0
DA:11,0
DA:12,0
DA:13,0
DA:14,2
DA:15,2
DA:16,2
DA:17,0
DA:18,0
DA:19,0
DA:20,0
DA:21,0
DA:22,2
LF:22
LH:13
BRDA:3,0,0,2
BRDA:9,1,0,0
BRDA:16,2,0,0
BRF:3
BRH:1
end_of_record
TN:
SF:src/controllers/property.js
FN:3,Object.<anonymous>.exports.post
FN:17,Object.<anonymous>.exports.getAll
FN:27,Object.<anonymous>.exports.getById
FN:48,Object.<anonymous>.exports.getAllByUserId
FN:69,Object.<anonymous>.exports.uploadFiles
FN:87,Object.<anonymous>.exports.delete
FNF:6
FNH:4
FNDA:3,Object.<anonymous>.exports.post
FNDA:1,Object.<anonymous>.exports.getAll
FNDA:1,Object.<anonymous>.exports.getById
FNDA:2,Object.<anonymous>.exports.getAllByUserId
FNDA:0,Object.<anonymous>.exports.uploadFiles
FNDA:0,Object.<anonymous>.exports.delete
DA:1,1
DA:2,1
DA:3,1
DA:4,3
DA:5,3
DA:6,2
DA:7,2
DA:8,2
DA:9,3
DA:10,1
DA:11,1
DA:12,1
DA:13,1
DA:14,1
DA:15,3
DA:16,1
DA:17,1
DA:18,1
DA:19,1
DA:20,1
DA:21,1
DA:22,1
DA:23,0
DA:24,0
DA:25,1
DA:26,1
DA:27,1
DA:28,1
DA:29,1
DA:30,1
DA:31,1
DA:32,1
DA:33,1
DA:34,0
DA:35,0
DA:36,0
DA:37,0
DA:38,1
DA:39,1
DA:40,1
DA:41,0
DA:42,0
DA:43,0
DA:44,0
DA:45,0
DA:46,1
DA:47,1
DA:48,1
DA:49,2
DA:50,2
DA:51,2
DA:52,2
DA:53,1
DA:54,2
DA:55,0
DA:56,0
DA:57,0
DA:58,0
DA:59,1
DA:60,1
DA:61,1
DA:62,1
DA:63,1
DA:64,1
DA:65,1
DA:66,1
DA:67,2
DA:68,1
DA:69,1
DA:70,0
DA:71,0
DA:72,0
DA:73,0
DA:74,0
DA:75,0
DA:76,0
DA:77,0
DA:78,0
DA:79,0
DA:80,0
DA:81,0
DA:82,0
DA:83,0
DA:84,0
DA:85,0
DA:86,1
DA:87,1
DA:88,0
DA:89,0
DA:90,0
DA:91,0
DA:92,0
DA:93,0
DA:94,0
DA:95,0
DA:96,0
DA:97,0
DA:98,0
DA:99,0
DA:100,0
DA:101,0
DA:102,0
DA:103,0
LF:103
LH:56
BRDA:3,0,0,3
BRDA:5,1,0,2
BRDA:9,2,0,1
BRDA:17,3,0,1
BRDA:22,4,0,0
BRDA:27,5,0,1
BRDA:33,6,0,0
BRDA:40,7,0,0
BRDA:48,8,0,2
BRDA:52,9,0,1
BRDA:54,10,0,0
BRDA:59,11,0,1
BRF:12
BRH:8
end_of_record
TN:
SF:src/controllers/user.js
FN:3,Object.<anonymous>.exports.index
FN:13,Object.<anonymous>.exports.post
FN:25,Object.<anonymous>.exports.getById
FN:35,Object.<anonymous>.exports.uploadFile
FNF:4
FNH:3
FNDA:1,Object.<anonymous>.exports.index
FNDA:5,Object.<anonymous>.exports.post
FNDA:2,Object.<anonymous>.exports.getById
FNDA:0,Object.<anonymous>.exports.uploadFile
DA:1,1
DA:2,1
DA:3,1
DA:4,1
DA:5,1
DA:6,1
DA:7,1
DA:8,1
DA:9,0
DA:10,0
DA:11,1
DA:12,1
DA:13,1
DA:14,5
DA:15,5
DA:16,4
DA:17,4
DA:18,4
DA:19,4
DA:20,5
DA:21,1
DA:22,1
DA:23,5
DA:24,1
DA:25,1
DA:26,2
DA:27,2
DA:28,1
DA:29,1
DA:30,1
DA:31,1
DA:32,1
DA:33,2
DA:34,1
DA:35,1
DA:36,0
DA:37,0
DA:38,0
DA:39,0
DA:40,0
DA:41,0
DA:42,0
DA:43,0
DA:44,0
DA:45,0
DA:46,0
DA:47,0
DA:48,0
DA:49,0
DA:50,0
DA:51,0
DA:52,0
LF:52
LH:33
BRDA:3,0,0,1
BRDA:8,1,0,0
BRDA:13,2,0,5
BRDA:15,3,0,4
BRDA:20,4,0,1
BRDA:25,5,0,2
BRDA:27,6,0,1
BRF:7
BRH:6
end_of_record
TN:
SF:src/repositories/property.js
FN:5,Object.<anonymous>.exports.get
FN:18,Object.<anonymous>.exports.create
FN:26,Object.<anonymous>.exports.getByUserId
FN:28,Object.<anonymous>.exports.delete
FN:30,Object.<anonymous>.exports.savePhotos
FN:43,Object.<anonymous>.exports.getById
FNF:6
FNH:4
FNDA:1,Object.<anonymous>.exports.get
FNDA:3,Object.<anonymous>.exports.create
FNDA:2,Object.<anonymous>.exports.getByUserId
FNDA:0,Object.<anonymous>.exports.delete
FNDA:0,Object.<anonymous>.exports.savePhotos
FNDA:1,Object.<anonymous>.exports.getById
DA:1,1
DA:2,1
DA:3,1
DA:4,1
DA:5,1
DA:6,1
DA:7,1
DA:8,1
DA:9,1
DA:10,0
DA:11,0
DA:12,0
DA:13,0
DA:14,1
DA:15,1
DA:16,1
DA:17,1
DA:18,1
DA:19,3
DA:20,3
DA:21,3
DA:22,2
DA:23,2
DA:24,2
DA:25,1
DA:26,1
DA:27,1
DA:28,1
DA:29,1
DA:30,1
DA:31,0
DA:32,0
DA:33,0
DA:34,0
DA:35,0
DA:36,0
DA:37,0
DA:38,0
DA:39,0
DA:40,0
DA:41,0
DA:42,1
DA:43,1
LF:43
LH:28
BRDA:5,0,0,1
BRDA:9,1,0,0
BRDA:18,2,0,3
BRDA:21,3,0,2
BRDA:26,4,0,2
BRDA:43,5,0,1
BRF:6
BRH:5
end_of_record
TN:
SF:src/repositories/user.js
FN:7,Object.<anonymous>.exports.get
FN:14,Object.<anonymous>.exports.post
FN:22,Object.<anonymous>.exports.put
FN:36,Object.<anonymous>.exports.delete
FN:38,Object.<anonymous>.exports.login
FN:53,Object.<anonymous>.exports.saveAvatar
FNF:6
FNH:3
FNDA:3,Object.<anonymous>.exports.get
FNDA:5,Object.<anonymous>.exports.post
FNDA:0,Object.<anonymous>.exports.put
FNDA:0,Object.<anonymous>.exports.delete
FNDA:2,Object.<anonymous>.exports.login
FNDA:0,Object.<anonymous>.exports.saveAvatar
DA:1,1
DA:2,1
DA:3,1
DA:4,1
DA:5,1
DA:6,1
DA:7,1
DA:8,3
DA:9,2
DA:10,2
DA:11,1
DA:12,1
DA:13,1
DA:14,1
DA:15,5
DA:16,5
DA:17,5
DA:18,5
DA:19,5
DA:20,4
DA:21,1
DA:22,1
DA:23,0
DA:24,0
DA:25,0
DA:26,0
DA:27,0
DA:28,0
DA:29,0
DA:30,0
DA:31,0
DA:32,0
DA:33,0
DA:34,0
DA:35,1
DA:36,1
DA:37,1
DA:38,1
DA:39,2
DA:40,2
DA:41,2
DA:42,2
DA:43,2
DA:44,2
DA:45,2
DA:46,2
DA:47,2
DA:48,2
DA:49,2
DA:50,2
DA:51,2
DA:52,1
DA:53,1
DA:54,0
DA:55,0
DA:56,0
DA:57,0
DA:58,0
DA:59,0
DA:60,0
DA:61,0
DA:62,0
LF:62
LH:41
BRDA:7,0,0,3
BRDA:8,1,0,2
BRDA:11,2,0,1
BRDA:14,3,0,5
BRDA:19,4,0,4
BRDA:38,5,0,2
BRDA:41,6,0,0
BRDA:45,7,0,0
BRF:8
BRH:6
end_of_record
TN:
SF:src/services/auth.js
FN:4,Object.<anonymous>.exports.authorize
FNF:1
FNH:1
FNDA:6,Object.<anonymous>.exports.authorize
DA:1,1
DA:2,1
DA:3,1
DA:4,1
DA:5,6
DA:6,6
DA:7,6
DA:8,6
DA:9,6
DA:10,6
DA:11,0
DA:12,6
DA:13,6
DA:14,6
DA:15,6
LF:15
LH:14
BRDA:4,0,0,6
BRDA:7,1,0,0
BRDA:9,2,0,6
BRDA:10,3,0,0
BRF:4
BRH:2
end_of_record
TN:
SF:src/services/fileUpload.js
FN:3,setFileName
FN:9,saveFileOnStorage
FNF:2
FNH:0
FNDA:0,setFileName
FNDA:0,saveFileOnStorage
DA:1,1
DA:2,1
DA:3,1
DA:4,0
DA:5,0
DA:6,0
DA:7,1
DA:8,1
DA:9,1
DA:10,0
DA:11,0
DA:12,0
DA:13,0
DA:14,0
DA:15,0
DA:16,1
LF:16
LH:7
BRF:0
BRH:0
end_of_record
TN:
SF:src/utils/queryParse.js
FN:2,propertyQueryParse
FNF:1
FNH:0
FNDA:0,propertyQueryParse
DA:1,1
DA:2,1
DA:3,0
DA:4,0
DA:5,0
DA:6,0
DA:7,0
DA:8,0
DA:9,0
DA:10,0
DA:11,0
DA:12,0
DA:13,0
DA:14,0
DA:15,0
DA:16,0
DA:17,1
LF:17
LH:3
BRF:0
BRH:0
end_of_record
